build/app/intermediates/manifest_merge_blame_file/debug/manifest-merger-blame-debug-report.txt
1<?xml version="1.0" encoding="utf-8"?>
2<manifest xmlns:android="http://schemas.android.com/apk/res/android"
3    package="com.ajinkya.flutter_razorpay"
4    android:versionCode="1"
5    android:versionName="1.0.0" >
6
7    <uses-sdk
8        android:minSdkVersion="21"
9        android:targetSdkVersion="30" />
10    <!--
11         Flutter needs it to communicate with the running application
12         to allow setting breakpoints, to provide hot reload, etc.
13    -->
14    <uses-permission android:name="android.permission.INTERNET" />
14-->src\debug\AndroidManifest.xml:6:5-66
14-->src\debug\AndroidManifest.xml:6:22-64
15
16    <application
16-->src\main\AndroidManifest.xml:3:4-40:19
17        android:appComponentFactory="androidx.core.app.CoreComponentFactory"
17-->[androidx.core:core:1.1.0] AndroidManifest.xml:24:18-86
18        android:debuggable="true"
19        android:icon="@mipmap/ic_launcher"
19-->src\main\AndroidManifest.xml:5:9-43
20        android:label="Payment App" >
20-->src\main\AndroidManifest.xml:4:9-36
21        <activity
21-->src\main\AndroidManifest.xml:6:9-34:20
22            android:name="com.ajinkya.flutter_razorpay.MainActivity"
22-->src\main\AndroidManifest.xml:7:13-41
23            android:configChanges="orientation|keyboardHidden|keyboard|screenSize|smallestScreenSize|locale|layoutDirection|fontScale|screenLayout|density|uiMode"
23-->src\main\AndroidManifest.xml:10:13-163
24            android:hardwareAccelerated="true"
24-->src\main\AndroidManifest.xml:11:13-47
25            android:launchMode="singleTop"
25-->src\main\AndroidManifest.xml:8:13-43
26            android:theme="@style/LaunchTheme"
26-->src\main\AndroidManifest.xml:9:13-47
27            android:windowSoftInputMode="adjustResize" >
27-->src\main\AndroidManifest.xml:12:13-55
28
29            <!--
30                 Specifies an Android theme to apply to this Activity as soon as
31                 the Android process has started. This theme is visible to the user
32                 while the Flutter UI initializes. After that, this theme continues
33                 to determine the Window background behind the Flutter UI.
34            -->
35            <meta-data
35-->src\main\AndroidManifest.xml:17:13-20:17
36                android:name="io.flutter.embedding.android.NormalTheme"
36-->src\main\AndroidManifest.xml:18:15-70
37                android:resource="@style/NormalTheme" />
37-->src\main\AndroidManifest.xml:19:15-52
38            <!--
39                 Displays an Android View that continues showing the launch screen
40                 Drawable until Flutter paints its first frame, then this splash
41                 screen fades out. A splash screen is useful to avoid any visual
42                 gap between the end of Android's launch screen and the painting of
43                 Flutter's first frame.
44            -->
45            <meta-data
45-->src\main\AndroidManifest.xml:26:13-29:17
46                android:name="io.flutter.embedding.android.SplashScreenDrawable"
46-->src\main\AndroidManifest.xml:27:15-79
47                android:resource="@drawable/launch_background" />
47-->src\main\AndroidManifest.xml:28:15-61
48
49            <intent-filter>
49-->src\main\AndroidManifest.xml:30:13-33:29
50                <action android:name="android.intent.action.MAIN" />
50-->src\main\AndroidManifest.xml:31:17-68
50-->src\main\AndroidManifest.xml:31:25-66
51
52                <category android:name="android.intent.category.LAUNCHER" />
52-->src\main\AndroidManifest.xml:32:17-76
52-->src\main\AndroidManifest.xml:32:27-74
53            </intent-filter>
54        </activity>
55        <!--
56             Don't delete the meta-data below.
57             This is used by the Flutter tool to generate GeneratedPluginRegistrant.java
58        -->
59        <meta-data
59-->src\main\AndroidManifest.xml:37:9-39:33
60            android:name="flutterEmbedding"
60-->src\main\AndroidManifest.xml:38:13-44
61            android:value="2" />
61-->src\main\AndroidManifest.xml:39:13-30
62
63        <activity
63-->[:razorpay_flutter] AndroidManifest.xml:8:9-11:20
64            android:name="com.razorpay.CheckoutActivity"
64-->[:razorpay_flutter] AndroidManifest.xml:9:13-57
65            android:configChanges="keyboard|keyboardHidden|orientation|screenSize"
65-->[com.razorpay:checkout:1.6.6] AndroidManifest.xml:20:13-83
66            android:label="Razorpay Checkout"
66-->[:razorpay_flutter] AndroidManifest.xml:10:13-46
67            android:theme="@style/CheckoutTheme" >
67-->[com.razorpay:checkout:1.6.6] AndroidManifest.xml:21:13-49
68            <intent-filter>
68-->[com.razorpay:checkout:1.6.6] AndroidManifest.xml:22:13-28:29
69                <action android:name="android.intent.action.MAIN" />
69-->src\main\AndroidManifest.xml:31:17-68
69-->src\main\AndroidManifest.xml:31:25-66
70
71                <data
71-->[com.razorpay:checkout:1.6.6] AndroidManifest.xml:25:17-27:47
72                    android:host="rzp.io"
72-->[com.razorpay:checkout:1.6.6] AndroidManifest.xml:26:21-42
73                    android:scheme="io.rzp" />
73-->[com.razorpay:checkout:1.6.6] AndroidManifest.xml:27:21-44
74            </intent-filter>
75        </activity>
76
77        <receiver android:name="com.razorpay.RzpTokenReceiver" >
77-->[com.razorpay:checkout:1.6.6] AndroidManifest.xml:12:9-16:20
77-->[com.razorpay:checkout:1.6.6] AndroidManifest.xml:12:19-63
78            <intent-filter>
78-->[com.razorpay:checkout:1.6.6] AndroidManifest.xml:13:13-15:29
79                <action android:name="rzp.device_token.share" />
79-->[com.razorpay:checkout:1.6.6] AndroidManifest.xml:14:17-65
79-->[com.razorpay:checkout:1.6.6] AndroidManifest.xml:14:25-62
80            </intent-filter>
81        </receiver>
82
83        <activity
83-->[com.google.android.gms:play-services-auth:17.0.0] AndroidManifest.xml:23:9-27:75
84            android:name="com.google.android.gms.auth.api.signin.internal.SignInHubActivity"
84-->[com.google.android.gms:play-services-auth:17.0.0] AndroidManifest.xml:24:13-93
85            android:excludeFromRecents="true"
85-->[com.google.android.gms:play-services-auth:17.0.0] AndroidManifest.xml:25:13-46
86            android:exported="false"
86-->[com.google.android.gms:play-services-auth:17.0.0] AndroidManifest.xml:26:13-37
87            android:theme="@android:style/Theme.Translucent.NoTitleBar" />
87-->[com.google.android.gms:play-services-auth:17.0.0] AndroidManifest.xml:27:13-72
88        <!--
89            Service handling Google Sign-In user revocation. For apps that do not integrate with
90            Google Sign-In, this service will never be started.
91        -->
92        <service
92-->[com.google.android.gms:play-services-auth:17.0.0] AndroidManifest.xml:33:9-36:110
93            android:name="com.google.android.gms.auth.api.signin.RevocationBoundService"
93-->[com.google.android.gms:play-services-auth:17.0.0] AndroidManifest.xml:34:13-89
94            android:exported="true"
94-->[com.google.android.gms:play-services-auth:17.0.0] AndroidManifest.xml:35:13-36
95            android:permission="com.google.android.gms.auth.api.signin.permission.REVOCATION_NOTIFICATION" />
95-->[com.google.android.gms:play-services-auth:17.0.0] AndroidManifest.xml:36:13-107
96
97        <activity
97-->[com.google.android.gms:play-services-base:17.0.0] AndroidManifest.xml:23:9-26:75
98            android:name="com.google.android.gms.common.api.GoogleApiActivity"
98-->[com.google.android.gms:play-services-base:17.0.0] AndroidManifest.xml:24:13-79
99            android:exported="false"
99-->[com.google.android.gms:play-services-base:17.0.0] AndroidManifest.xml:25:13-37
100            android:theme="@android:style/Theme.Translucent.NoTitleBar" />
100-->[com.google.android.gms:play-services-base:17.0.0] AndroidManifest.xml:26:13-72
101
102        <meta-data
102-->[com.google.android.gms:play-services-basement:17.0.0] AndroidManifest.xml:23:9-25:69
103            android:name="com.google.android.gms.version"
103-->[com.google.android.gms:play-services-basement:17.0.0] AndroidManifest.xml:24:13-58
104            android:value="@integer/google_play_services_version" />
104-->[com.google.android.gms:play-services-basement:17.0.0] AndroidManifest.xml:25:13-66
105    </application>
106
107</manifest>